17:57:41	SET NAMES 'utf8'
17:57:41	SELECT * FROM ulicms_settings WHERE name='memory_limit'
17:57:41	SELECT * FROM ulicms_settings WHERE name='cache_period'
17:57:41	SELECT * FROM ulicms_settings WHERE name='allowed_html'
17:57:41	SELECT * FROM ulicms_settings WHERE name='robots'
17:57:41	SELECT * FROM ulicms_settings WHERE name='timezone'
17:57:41	SELECT * FROM ulicms_settings WHERE name='timezone'
17:57:41	SELECT * FROM ulicms_settings WHERE name='locale'
17:57:41	SELECT * FROM ulicms_settings WHERE name='locale'
17:57:41	SELECT * FROM ulicms_settings WHERE name='session_timeout'
17:57:41	SELECT * FROM ulicms_settings WHERE name='session_timeout'
17:57:41	SELECT * FROM ulicms_settings WHERE name='enforce_https'
17:57:41	SELECT * FROM ulicms_settings WHERE name='pkg_src'
17:57:41	SELECT * FROM ulicms_settings WHERE name='pkg_src'
17:57:41	SELECT * FROM ulicms_settings WHERE name='pkg_src'
17:57:41	SELECT * FROM ulicms_settings WHERE name='session_name'
17:57:41	SELECT * FROM ulicms_settings WHERE name='session_name'
17:57:43	SET NAMES 'utf8'
17:57:43	SELECT * FROM ulicms_settings WHERE name='memory_limit'
17:57:43	SELECT * FROM ulicms_settings WHERE name='cache_period'
17:57:43	SELECT * FROM ulicms_settings WHERE name='allowed_html'
17:57:43	SELECT * FROM ulicms_settings WHERE name='robots'
17:57:43	SELECT * FROM ulicms_settings WHERE name='timezone'
17:57:43	SELECT * FROM ulicms_settings WHERE name='timezone'
17:57:43	SELECT * FROM ulicms_settings WHERE name='locale'
17:57:43	SELECT * FROM ulicms_settings WHERE name='locale'
17:57:43	SELECT * FROM ulicms_settings WHERE name='session_timeout'
17:57:43	SELECT * FROM ulicms_settings WHERE name='session_timeout'
17:57:43	SELECT * FROM ulicms_settings WHERE name='enforce_https'
17:57:43	SELECT * FROM ulicms_settings WHERE name='pkg_src'
17:57:43	SELECT * FROM ulicms_settings WHERE name='pkg_src'
17:57:43	SELECT * FROM ulicms_settings WHERE name='pkg_src'
17:57:43	SELECT * FROM ulicms_settings WHERE name='session_name'
17:57:43	SELECT * FROM ulicms_settings WHERE name='session_name'
